JvmtiExport can_access_local_variables 0
JvmtiExport can_hotswap_or_post_breakpoint 0
JvmtiExport can_post_on_exceptions 0
# 688 ciObject found
ciMethod java/lang/Object <init> ()V 4097 1 457493 0 80
ciMethod java/lang/Object getClass ()Ljava/lang/Class; 4097 1 512 0 -1
ciMethod java/lang/Object hashCode ()I 6145 1 768 0 -1
ciMethod java/lang/Object equals (Ljava/lang/Object;)Z 2113 1 8678 0 -1
ciMethod java/lang/Object clone ()Ljava/lang/Object; 3073 1 384 0 -1
ciMethod java/lang/String equals (Ljava/lang/Object;)Z 4097 22969 36526 0 -1
ciMethod java/lang/String startsWith (Ljava/lang/String;I)Z 3697 24577 3738 0 464
ciMethod java/lang/String startsWith (Ljava/lang/String;)Z 4097 1 107929 0 400
ciMethod java/lang/reflect/AnnotatedElement getDeclaredAnnotations ()[Ljava/lang/annotation/Annotation; 0 0 1 0 -1
ciMethod java/lang/Class isAssignableFrom (Ljava/lang/Class;)Z 3073 1 384 0 -1
ciMethod java/lang/Class isInterface ()Z 4097 1 512 0 -1
ciMethod java/lang/Class isArray ()Z 2049 1 256 0 -1
ciMethod java/lang/Class getName ()Ljava/lang/String; 4097 1 81631 0 112
ciMethod java/lang/Class getName0 ()Ljava/lang/String; 2089 1 261 0 -1
ciMethod java/lang/Class getClassLoader0 ()Ljava/lang/ClassLoader; 1065 1 133 0 -1
ciMethod java/lang/Class getSuperclass ()Ljava/lang/Class; 3073 1 384 0 -1
ciMethod java/lang/Class getInterfaces ()[Ljava/lang/Class; 1 1 5120 0 1584
ciMethod java/lang/Class getInterfaces0 ()[Ljava/lang/Class; 2057 1 257 0 -1
ciMethod java/lang/Class getComponentType ()Ljava/lang/Class; 4113 1 514 0 -1
ciMethod java/lang/Class getEnclosingClass ()Ljava/lang/Class; 2049 1 526 0 -1
ciMethod java/lang/Class getMethods ()[Ljava/lang/reflect/Method; 2049 1 352 0 0
ciMethod java/lang/Class getDeclaredMethods ()[Ljava/lang/reflect/Method; 2049 1 508 0 -1
ciMethod java/lang/Class getDeclaredMethod (Ljava/lang/String;[Ljava/lang/Class;)Ljava/lang/reflect/Method; 433 1 53 0 -1
ciMethod java/lang/Class checkMemberAccess (ILjava/lang/Class;Z)V 2049 1 4697 0 0
ciMethod java/lang/Class checkPackageAccess (Ljava/lang/ClassLoader;Z)V 129 1 42 0 -1
ciMethod java/lang/Class reflectionData ()Ljava/lang/Class$ReflectionData; 2057 1 6458 0 1296
ciMethod java/lang/Class newReflectionData (Ljava/lang/ref/SoftReference;I)Ljava/lang/Class$ReflectionData; 817 1 816 0 0
ciMethod java/lang/Class privateGetDeclaredMethods (Z)[Ljava/lang/reflect/Method; 3073 1 2592 0 -1
ciMethod java/lang/Class privateGetPublicMethods ()[Ljava/lang/reflect/Method; 2057 2745 492 0 0
ciMethod java/lang/Class searchMethods ([Ljava/lang/reflect/Method;Ljava/lang/String;[Ljava/lang/Class;)Ljava/lang/reflect/Method; 2017 17065 1918 0 -1
ciMethod java/lang/Class copyMethods ([Ljava/lang/reflect/Method;)[Ljava/lang/reflect/Method; 1833 8201 860 0 0
ciMethod java/lang/Class argumentTypesToString ([Ljava/lang/Class;)Ljava/lang/String; 81 33 76 0 -1
ciMethod java/lang/Class getReflectionFactory ()Lsun/reflect/ReflectionFactory; 2049 1 4728 0 -1
ciMethod java/lang/Class checkInitted ()V 2057 1 6002 0 -1
ciMethod java/lang/Class getAnnotations ()[Ljava/lang/annotation/Annotation; 441 1 63 0 0
ciMethod java/lang/Class annotationData ()Ljava/lang/Class$AnnotationData; 2049 1 4152 0 -1
ciMethod java/lang/Class createAnnotationData (I)Ljava/lang/Class$AnnotationData; 1025 1 1114 0 -1
ciMethod java/lang/ClassLoader getClassLoader (Ljava/lang/Class;)Ljava/lang/ClassLoader; 41 1 879 0 -1
ciMethod java/lang/System getSecurityManager ()Ljava/lang/SecurityManager; 4097 1 41047 0 -1
ciMethod java/lang/System arraycopy (Ljava/lang/Object;ILjava/lang/Object;II)V 79873 1 9984 0 -1
ciMethod java/lang/SecurityManager checkPermission (Ljava/security/Permission;)V 0 0 1 0 -1
ciMethod java/lang/ref/Reference get ()Ljava/lang/Object; 6449 1 806 0 -1
ciMethod java/lang/ref/SoftReference <init> (Ljava/lang/Object;)V 2921 1 2715 0 -1
ciMethod java/lang/ref/SoftReference get ()Ljava/lang/Object; 3497 1 32178 0 0
ciMethod java/util/Map get (Ljava/lang/Object;)Ljava/lang/Object; 0 0 1 0 -1
ciMethod java/util/Map put (Ljava/lang/Object;Ljava/lang/Object;)Ljava/lang/Object; 0 0 1 0 -1
ciMethod java/util/Map computeIfAbsent (Ljava/lang/Object;Ljava/util/function/Function;)Ljava/lang/Object; 0 0 1 0 -1
ciMethod java/lang/reflect/AccessibleObject checkAccess (Ljava/lang/Class;Ljava/lang/Class;Ljava/lang/Object;I)V 25 1 3 0 -1
ciMethod java/lang/reflect/Member getDeclaringClass ()Ljava/lang/Class; 0 0 1 0 -1
ciMethod java/lang/reflect/Method getDeclaringClass ()Ljava/lang/Class; 1169 1 146 0 0
ciMethod java/lang/reflect/Method getName ()Ljava/lang/String; 2985 1 373 0 0
ciMethod java/lang/reflect/Method getModifiers ()I 1057 1 132 0 0
ciMethod java/lang/reflect/Method getParameterTypes ()[Ljava/lang/Class; 4097 1 8938 0 -1
ciMethod java/lang/reflect/Method getParameterCount ()I 2049 1 1824 0 -1
ciMethod java/lang/reflect/Method getGenericParameterTypes ()[Ljava/lang/reflect/Type; 2417 1 478 0 -1
ciMethod java/lang/reflect/Method invoke (Ljava/lang/Object;[Ljava/lang/Object;)Ljava/lang/Object; 1033 1 3824 0 0
ciMethod java/lang/reflect/Method isBridge ()Z 193 1 12966 0 0
ciMethod java/lang/reflect/Method isDefault ()Z 2049 1 2475 0 -1
ciMethod java/lang/reflect/Method acquireMethodAccessor ()Lsun/reflect/MethodAccessor; 561 1 185 0 0
ciMethod java/lang/reflect/Method getMethodAccessor ()Lsun/reflect/MethodAccessor; 1041 1 130 0 -1
ciMethod java/lang/reflect/Method setMethodAccessor (Lsun/reflect/MethodAccessor;)V 2081 1 370 0 -1
ciMethod java/lang/reflect/Executable hasGenericInformation ()Z 0 0 1 0 -1
ciMethod java/lang/reflect/Executable getGenericInfo ()Lsun/reflect/generics/repository/ConstructorRepository; 0 0 1 0 -1
ciMethod java/lang/reflect/Executable getParameterTypes ()[Ljava/lang/Class; 0 0 1 0 -1
ciMethod java/lang/reflect/Executable getGenericParameterTypes ()[Ljava/lang/reflect/Type; 2401 1 482 0 -1
ciMethod sun/reflect/MethodAccessor invoke (Ljava/lang/Object;[Ljava/lang/Object;)Ljava/lang/Object; 0 0 1 0 -1
ciMethod sun/reflect/MethodAccessorImpl invoke (Ljava/lang/Object;[Ljava/lang/Object;)Ljava/lang/Object; 0 0 1 0 -1
ciMethod java/lang/annotation/Annotation annotationType ()Ljava/lang/Class; 0 0 1 0 -1
ciMethod java/lang/invoke/DirectMethodHandle internalMemberName (Ljava/lang/Object;)Ljava/lang/Object; 2049 1 31998 0 -1
ciMethod java/lang/StringBuilder <init> ()V 4097 1 24887 0 -1
ciMethod java/lang/StringBuilder append (Ljava/lang/Object;)Ljava/lang/StringBuilder; 1649 1 2849 0 -1
ciMethod java/lang/StringBuilder append (Ljava/lang/String;)Ljava/lang/StringBuilder; 4097 1 99368 0 -1
ciMethod java/lang/StringBuilder append (I)Ljava/lang/StringBuilder; 9 1 2148 0 -1
ciMethod java/lang/StringBuilder toString ()Ljava/lang/String; 4097 1 34629 0 -1
ciMethod java/lang/NullPointerException <init> ()V 0 0 1 0 -1
ciMethod java/util/List size ()I 0 0 1 0 -1
ciMethod java/util/List isEmpty ()Z 0 0 1 0 -1
ciMethod java/util/List iterator ()Ljava/util/Iterator; 0 0 1 0 -1
ciMethod java/util/List get (I)Ljava/lang/Object; 0 0 1 0 -1
ciMethod java/util/AbstractList <init> ()V 4097 1 16048 0 0
ciMethod java/util/AbstractCollection <init> ()V 4097 1 37580 0 48
ciMethod java/util/AbstractCollection contains (Ljava/lang/Object;)Z 0 0 1 0 -1
ciMethod java/util/AbstractCollection add (Ljava/lang/Object;)Z 0 0 1 0 -1
ciMethod sun/reflect/ReflectionFactory newMethodAccessor (Ljava/lang/reflect/Method;)Lsun/reflect/MethodAccessor; 1513 1 185 0 -1
ciMethod sun/reflect/ReflectionFactory copyMethod (Ljava/lang/reflect/Method;)Ljava/lang/reflect/Method; 3161 1 5579 0 -1
ciMethod java/util/ArrayList <init> ()V 1609 1 6568 0 80
ciMethod java/util/ArrayList size ()I 8313 1 1039 0 0
ciMethod java/util/ArrayList isEmpty ()Z 2081 1 6603 0 48
ciMethod java/util/ArrayList elementData (I)Ljava/lang/Object; 4097 1 7127 0 0
ciMethod java/util/ArrayList get (I)Ljava/lang/Object; 4097 1 6676 0 144
ciMethod java/util/ArrayList rangeCheck (I)V 4097 1 7115 0 80
ciMethod java/util/ArrayList outOfBoundsMsg (I)Ljava/lang/String; 0 0 1 0 -1
ciMethod sun/reflect/Reflection getCallerClass ()Ljava/lang/Class; 2057 1 257 0 -1
ciMethod sun/reflect/Reflection getClassAccessFlags (Ljava/lang/Class;)I 3081 1 385 0 -1
ciMethod sun/reflect/Reflectio